<?xml version="1.0" encoding="UTF-8"?>
<!-- Generated by org.testng.reporters.JUnitReportReporter -->
<testsuite hostname="NLPULTP7204778" failures="0" tests="3" name="testCases.TC001_AccountRegistrationTest" time="22.824" errors="0" timestamp="2025-06-06T16:30:26 IST" skipped="0">
  <testcase classname="testCases.TC001_AccountRegistrationTest" name="Verify_account_registration" time="6.120"/>
  <testcase classname="testCases.TC001_AccountRegistrationTest" name="Verify_account_registration" time="7.896"/>
  <testcase classname="testCases.TC001_AccountRegistrationTest" name="Verify_account_registration" time="8.808"/>
</testsuite> <!-- testCases.TC001_AccountRegistrationTest -->
